{
  "runnable": false,
  "phase": "seed",
  "error_type": "BenchmarkError",
  "message": "Traceback (most recent call last):\n  File \"/home/wan00559/three_agents/scripts/multi_agent.py\", line 392, in repair_step\n    metrics = compare_and_bench(\n              ^^^^^^^^^^^^^^^^^^\n  File \"/home/wan00559/three_agents/utils/compile_and_run.py\", line 197, in compare_and_bench\n    test_mod, _ = _capture_import(test_py)\n                  ^^^^^^^^^^^^^^^^^^^^^^^^\n  File \"/home/wan00559/three_agents/utils/compile_and_run.py\", line 98, in _capture_import\n    raise CompilationError(full_log) from None\nutils.compile_and_run.CompilationError: Using /home/wan00559/.cache/torch_extensions/py311_cu126 as PyTorch extensions root...\nThe input conditions for extension module matmul3d have changed. Bumping to version 2 and re-building as matmul3d_v2...\nDetected CUDA files, patching ldflags\nEmitting ninja build file /home/wan00559/.cache/torch_extensions/py311_cu126/matmul3d/build.ninja...\n/home/wan00559/miniconda3/envs/maxk/lib/python3.11/site-packages/torch/utils/cpp_extension.py:2356: UserWarning: TORCH_CUDA_ARCH_LIST is not set, all archs for visible cards are included for compilation. \nIf this is not desired, please set os.environ['TORCH_CUDA_ARCH_LIST'].\n  warnings.warn(\nBuilding extension module matmul3d_v2...\nAllowing ninja to set a default number of workers... (overridable by setting the environment variable MAX_JOBS=N)\n[1/3] /usr/bin/nvcc --generate-dependencies-with-compile --dependency-output cuda.cuda.o.d -DTORCH_EXTENSION_NAME=matmul3d_v2 -DTORCH_API_INCLUDE_EXTENSION_H -DPYBIND11_COMPILER_TYPE=\\\"_gcc\\\" -DPYBIND11_STDLIB=\\\"_libstdcpp\\\" -DPYBIND11_BUILD_ABI=\\\"_cxxabi1016\\\" -isystem /home/wan00559/miniconda3/envs/maxk/lib/python3.11/site-packages/torch/include -isystem /home/wan00559/miniconda3/envs/maxk/lib/python3.11/site-packages/torch/include/torch/csrc/api/include -isystem /home/wan00559/miniconda3/envs/maxk/include/python3.11 -D_GLIBCXX_USE_CXX11_ABI=1 -D__CUDA_NO_HALF_OPERATORS__ -D__CUDA_NO_HALF_CONVERSIONS__ -D__CUDA_NO_BFLOAT16_CONVERSIONS__ -D__CUDA_NO_HALF2_OPERATORS__ --expt-relaxed-constexpr -gencode=arch=compute_75,code=compute_75 -gencode=arch=compute_75,code=sm_75 --compiler-options '-fPIC' -std=c++17 -c /home/wan00559/.cache/torch_extensions/py311_cu126/matmul3d/cuda.cu -o cuda.cuda.o \nFAILED: cuda.cuda.o \n/usr/bin/nvcc --generate-dependencies-with-compile --dependency-output cuda.cuda.o.d -DTORCH_EXTENSION_NAME=matmul3d_v2 -DTORCH_API_INCLUDE_EXTENSION_H -DPYBIND11_COMPILER_TYPE=\\\"_gcc\\\" -DPYBIND11_STDLIB=\\\"_libstdcpp\\\" -DPYBIND11_BUILD_ABI=\\\"_cxxabi1016\\\" -isystem /home/wan00559/miniconda3/envs/maxk/lib/python3.11/site-packages/torch/include -isystem /home/wan00559/miniconda3/envs/maxk/lib/python3.11/site-packages/torch/include/torch/csrc/api/include -isystem /home/wan00559/miniconda3/envs/maxk/include/python3.11 -D_GLIBCXX_USE_CXX11_ABI=1 -D__CUDA_NO_HALF_OPERATORS__ -D__CUDA_NO_HALF_CONVERSIONS__ -D__CUDA_NO_BFLOAT16_CONVERSIONS__ -D__CUDA_NO_HALF2_OPERATORS__ --expt-relaxed-constexpr -gencode=arch=compute_75,code=compute_75 -gencode=arch=compute_75,code=sm_75 --compiler-options '-fPIC' -std=c++17 -c /home/wan00559/.cache/torch_extensions/py311_cu126/matmul3d/cuda.cu -o cuda.cuda.o \n/home/wan00559/.cache/torch_extensions/py311_cu126/matmul3d/cuda.cu(51): error: namespace \"at::cuda\" has no member \"getCurrentCUDAStream\"\n\n1 error detected in the compilation of \"/home/wan00559/.cache/torch_extensions/py311_cu126/matmul3d/cuda.cu\".\n[2/3] c++ -MMD -MF main.o.d -DTORCH_EXTENSION_NAME=matmul3d_v2 -DTORCH_API_INCLUDE_EXTENSION_H -DPYBIND11_COMPILER_TYPE=\\\"_gcc\\\" -DPYBIND11_STDLIB=\\\"_libstdcpp\\\" -DPYBIND11_BUILD_ABI=\\\"_cxxabi1016\\\" -isystem /home/wan00559/miniconda3/envs/maxk/lib/python3.11/site-packages/torch/include -isystem /home/wan00559/miniconda3/envs/maxk/lib/python3.11/site-packages/torch/include/torch/csrc/api/include -isystem /home/wan00559/miniconda3/envs/maxk/include/python3.11 -D_GLIBCXX_USE_CXX11_ABI=1 -fPIC -std=c++17 -O3 -c /home/wan00559/.cache/torch_extensions/py311_cu126/matmul3d/main.cpp -o main.o \nninja: build stopped: subcommand failed.\nError building extension 'matmul3d_v2'\n"
}